Avertissement du gestionnaire de fenêtres : «  » trouvé dans la base de données de configuration n'est pas une valeur correcte pour la combinaison de touches « run_command_terminal »
Avertissement du gestionnaire de fenêtres : Buggy client sent a _NET_ACTIVE_WINDOW message with a timestamp of 0 for 0xc00197 (Genlab )
Avertissement du gestionnaire de fenêtres : meta_window_activate called by a pager with a 0 timestamp; the pager needs to be fixed.
Avertissement du gestionnaire de fenêtres : Buggy client sent a _NET_ACTIVE_WINDOW message with a timestamp of 0 for 0xc00197 (Genlab )
Avertissement du gestionnaire de fenêtres : meta_window_activate called by a pager with a 0 timestamp; the pager needs to be fixed.
Avertissement du gestionnaire de fenêtres : Buggy client sent a _NET_ACTIVE_WINDOW message with a timestamp of 0 for 0xc00197 (Genlab )
Avertissement du gestionnaire de fenêtres : meta_window_activate called by a pager with a 0 timestamp; the pager needs to be fixed.
Avertissement du gestionnaire de fenêtres : Buggy client sent a _NET_ACTIVE_WINDOW message with a timestamp of 0 for 0xc00197 (Genlab )
Avertissement du gestionnaire de fenêtres : meta_window_activate called by a pager with a 0 timestamp; the pager needs to be fixed.
Avertissement du gestionnaire de fenêtres : Buggy client sent a _NET_ACTIVE_WINDOW message with a timestamp of 0 for 0xc00197 (Genlab )
Avertissement du gestionnaire de fenêtres : meta_window_activate called by a pager with a 0 timestamp; the pager needs to be fixed.
Avertissement du gestionnaire de fenêtres : Buggy client sent a _NET_ACTIVE_WINDOW message with a timestamp of 0 for 0xc00197 (Genlab )
Avertissement du gestionnaire de fenêtres : meta_window_activate called by a pager with a 0 timestamp; the pager needs to be fixed.
Avertissement du gestionnaire de fenêtres : Buggy client sent a _NET_ACTIVE_WINDOW message with a timestamp of 0 for 0xc00197 (Genlab )
Avertissement du gestionnaire de fenêtres : meta_window_activate called by a pager with a 0 timestamp; the pager needs to be fixed.
Avertissement du gestionnaire de fenêtres : Fenêtre WM_TRANSIENT_FOR 0x5400046 non valide indiquée pour 0x540004b (Confirm De).
Avertissement du gestionnaire de fenêtres : Fenêtre WM_TRANSIENT_FOR 0x5400046 non valide indiquée pour 0x540004b (Confirm De).
Avertissement du gestionnaire de fenêtres : Fenêtre WM_TRANSIENT_FOR 0x5400053 non valide indiquée pour 0x5400058 (Confirm De).
Avertissement du gestionnaire de fenêtres : Fenêtre WM_TRANSIENT_FOR 0x5400053 non valide indiquée pour 0x5400058 (Confirm De).
Avertissement du gestionnaire de fenêtres : La fenêtre 0x5400064 (variable0 ) positionne un indice MWM indiquant qu'elle n'est pas redimensionnable, mais positionne une taille minimale de 1 x 1 et une taille maximale de 2147483647 x 2147483647 ; ceci n'a pas beaucoup de sens.
Avertissement du gestionnaire de fenêtres : La fenêtre 0x5400064 (variable0 ) positionne un indice MWM indiquant qu'elle n'est pas redimensionnable, mais positionne une taille minimale de 1 x 1 et une taille maximale de 2147483647 x 2147483647 ; ceci n'a pas beaucoup de sens.
Avertissement du gestionnaire de fenêtres : La fenêtre 0x5400064 (variable0 ) positionne un indice MWM indiquant qu'elle n'est pas redimensionnable, mais positionne une taille minimale de 1 x 1 et une taille maximale de 2147483647 x 2147483647 ; ceci n'a pas beaucoup de sens.
Avertissement du gestionnaire de fenêtres : Fenêtre WM_TRANSIENT_FOR 0x5400070 non valide indiquée pour 0x5400075 (Input erro).
Avertissement du gestionnaire de fenêtres : Fenêtre WM_TRANSIENT_FOR 0x5400070 non valide indiquée pour 0x5400075 (Input erro).
Avertissement du gestionnaire de fenêtres : Fenêtre WM_TRANSIENT_FOR 0x540007d non valide indiquée pour 0x5400082 (Input erro).
Avertissement du gestionnaire de fenêtres : Fenêtre WM_TRANSIENT_FOR 0x540007d non valide indiquée pour 0x5400082 (Input erro).
Avertissement du gestionnaire de fenêtres : La fenêtre 0x4c00037 (variable0 ) positionne un indice MWM indiquant qu'elle n'est pas redimensionnable, mais positionne une taille minimale de 1 x 1 et une taille maximale de 2147483647 x 2147483647 ; ceci n'a pas beaucoup de sens.
Avertissement du gestionnaire de fenêtres : La fenêtre 0x4c00037 (variable0 ) positionne un indice MWM indiquant qu'elle n'est pas redimensionnable, mais positionne une taille minimale de 1 x 1 et une taille maximale de 2147483647 x 2147483647 ; ceci n'a pas beaucoup de sens.
Avertissement du gestionnaire de fenêtres : La fenêtre 0x4c00037 (variable0 ) positionne un indice MWM indiquant qu'elle n'est pas redimensionnable, mais positionne une taille minimale de 1 x 1 et une taille maximale de 2147483647 x 2147483647 ; ceci n'a pas beaucoup de sens.
Avertissement du gestionnaire de fenêtres : La fenêtre 0x4c00060 (gender Pro) positionne un indice MWM indiquant qu'elle n'est pas redimensionnable, mais positionne une taille minimale de 1 x 1 et une taille maximale de 2147483647 x 2147483647 ; ceci n'a pas beaucoup de sens.
Avertissement du gestionnaire de fenêtres : La fenêtre 0x4c00060 (gender Pro) positionne un indice MWM indiquant qu'elle n'est pas redimensionnable, mais positionne une taille minimale de 1 x 1 et une taille maximale de 2147483647 x 2147483647 ; ceci n'a pas beaucoup de sens.
Avertissement du gestionnaire de fenêtres : La fenêtre 0x4c00060 (gender Pro) positionne un indice MWM indiquant qu'elle n'est pas redimensionnable, mais positionne une taille minimale de 1 x 1 et une taille maximale de 2147483647 x 2147483647 ; ceci n'a pas beaucoup de sens.
Avertissement du gestionnaire de fenêtres : Buggy client sent a _NET_ACTIVE_WINDOW message with a timestamp of 0 for 0xc0019d (Genlab )
Avertissement du gestionnaire de fenêtres : meta_window_activate called by a pager with a 0 timestamp; the pager needs to be fixed.
Avertissement du gestionnaire de fenêtres : Buggy client sent a _NET_ACTIVE_WINDOW message with a timestamp of 0 for 0xc00197 (Genlab )
Avertissement du gestionnaire de fenêtres : meta_window_activate called by a pager with a 0 timestamp; the pager needs to be fixed.
Avertissement du gestionnaire de fenêtres : Buggy client sent a _NET_ACTIVE_WINDOW message with a timestamp of 0 for 0xc00197 (Genlab )
Avertissement du gestionnaire de fenêtres : meta_window_activate called by a pager with a 0 timestamp; the pager needs to be fixed.
Avertissement du gestionnaire de fenêtres : Buggy client sent a _NET_ACTIVE_WINDOW message with a timestamp of 0 for 0xc00197 (Genlab )
Avertissement du gestionnaire de fenêtres : meta_window_activate called by a pager with a 0 timestamp; the pager needs to be fixed.
Avertissement du gestionnaire de fenêtres : Buggy client sent a _NET_ACTIVE_WINDOW message with a timestamp of 0 for 0xc00197 (%trimmedwi)
Avertissement du gestionnaire de fenêtres : meta_window_activate called by a pager with a 0 timestamp; the pager needs to be fixed.
Avertissement du gestionnaire de fenêtres : Buggy client sent a _NET_ACTIVE_WINDOW message with a timestamp of 0 for 0x3c00197 (Genlab )
Avertissement du gestionnaire de fenêtres : meta_window_activate called by a pager with a 0 timestamp; the pager needs to be fixed.
Avertissement du gestionnaire de fenêtres : Buggy client sent a _NET_ACTIVE_WINDOW message with a timestamp of 0 for 0x3c00003 (Gestionnai)
Avertissement du gestionnaire de fenêtres : meta_window_activate called by a pager with a 0 timestamp; the pager needs to be fixed.
Avertissement du gestionnaire de fenêtres : Buggy client sent a _NET_ACTIVE_WINDOW message with a timestamp of 0 for 0x3c00003 (Gestionnai)
Avertissement du gestionnaire de fenêtres : meta_window_activate called by a pager with a 0 timestamp; the pager needs to be fixed.
Avertissement du gestionnaire de fenêtres : Buggy client sent a _NET_ACTIVE_WINDOW message with a timestamp of 0 for 0xc0003c (Workspace )
Avertissement du gestionnaire de fenêtres : meta_window_activate called by a pager with a 0 timestamp; the pager needs to be fixed.
Avertissement du gestionnaire de fenêtres : Buggy client sent a _NET_ACTIVE_WINDOW message with a timestamp of 0 for 0x3c00196 (%trimmedwi)
Avertissement du gestionnaire de fenêtres : meta_window_activate called by a pager with a 0 timestamp; the pager needs to be fixed.
Avertissement du gestionnaire de fenêtres : Buggy client sent a _NET_ACTIVE_WINDOW message with a timestamp of 0 for 0x3c00196 (Genlab  (s)
Avertissement du gestionnaire de fenêtres : meta_window_activate called by a pager with a 0 timestamp; the pager needs to be fixed.
Avertissement du gestionnaire de fenêtres : Buggy client sent a _NET_ACTIVE_WINDOW message with a timestamp of 0 for 0x3c00196 (Genlab  (s)
Avertissement du gestionnaire de fenêtres : meta_window_activate called by a pager with a 0 timestamp; the pager needs to be fixed.
Avertissement du gestionnaire de fenêtres : Buggy client sent a _NET_ACTIVE_WINDOW message with a timestamp of 0 for 0x3c00197 (Genlab )
Avertissement du gestionnaire de fenêtres : meta_window_activate called by a pager with a 0 timestamp; the pager needs to be fixed.
Avertissement du gestionnaire de fenêtres : Buggy client sent a _NET_ACTIVE_WINDOW message with a timestamp of 0 for 0x3c00197 (Genlab )
Avertissement du gestionnaire de fenêtres : meta_window_activate called by a pager with a 0 timestamp; the pager needs to be fixed.
Avertissement du gestionnaire de fenêtres : Buggy client sent a _NET_ACTIVE_WINDOW message with a timestamp of 0 for 0x3c00197 (Genlab )
Avertissement du gestionnaire de fenêtres : meta_window_activate called by a pager with a 0 timestamp; the pager needs to be fixed.
Avertissement du gestionnaire de fenêtres : Buggy client sent a _NET_ACTIVE_WINDOW message with a timestamp of 0 for 0x3c00197 (Genlab )
Avertissement du gestionnaire de fenêtres : meta_window_activate called by a pager with a 0 timestamp; the pager needs to be fixed.
Avertissement du gestionnaire de fenêtres : Fenêtre WM_TRANSIENT_FOR 0x289 non valide indiquée pour 0x14276c7 ().
Avertissement du gestionnaire de fenêtres : Buggy client sent a _NET_ACTIVE_WINDOW message with a timestamp of 0 for 0x2a00020 (KEYSAM1)
Avertissement du gestionnaire de fenêtres : meta_window_activate called by a pager with a 0 timestamp; the pager needs to be fixed.
Avertissement du gestionnaire de fenêtres : Fenêtre WM_TRANSIENT_FOR 0x6000309 non valide indiquée pour 0x60004ef (Erreur de ).
Avertissement du gestionnaire de fenêtres : Treating resize request of legacy application 0x1c0003f (Sans titre) as a fullscreen request
Avertissement du gestionnaire de fenêtres : Received a _NET_WM_MOVERESIZE message for 0x1c0003f (Sans titre); these messages lack timestamps and therefore suck.
